app/build/outputs/logs/manifest-merger-debug-report.txt
-- Merging decision tree log ---
manifest
ADDED from src/main/AndroidManifest.xml:2:1-304:12
INJECTED from src/main/AndroidManifest.xml:2:1-304:12
INJECTED from src/main/AndroidManifest.xml:2:1-304:12
INJECTED from src/main/AndroidManifest.xml:2:1-304:12
MERGED from [com.facebook.android:facebook-android-sdk:4.33.0] AndroidManifest.xml:21:1-31:12
MERGED from [com.facebook.android:facebook-share:4.33.0] AndroidManifest.xml:21:1-31:12
MERGED from [com.facebook.android:facebook-login:4.33.0] AndroidManifest.xml:21:1-31:12
MERGED from [com.facebook.android:facebook-common:4.33.0] AndroidManifest.xml:21:1-36:12
MERGED from [com.android.support:customtabs:27.0.2] AndroidManifest.xml:17:1-22:12
MERGED from [:line-sdk-4.0.8:] AndroidManifest.xml:2:1-41:12
MERGED from [com.google.android.gms:play-services-maps:15.0.0] AndroidManifest.xml:17:1-32:12
MERGED from [com.android.support:appcompat-v7:27.0.2] AndroidManifest.xml:17:1-22:12
MERGED from [com.google.android.gms:play-services-base:15.0.1] AndroidManifest.xml:17:1-29:12
MERGED from [com.google.android.gms:play-services-tasks:15.0.1] AndroidManifest.xml:2:1-9:12
MERGED from [com.google.android.gms:play-services-basement:15.0.1] AndroidManifest.xml:17:1-28:12
MERGED from [com.android.support:support-v4:27.0.2] AndroidManifest.xml:17:1-22:12
MERGED from [com.android.support:recyclerview-v7:27.0.2] AndroidManifest.xml:17:1-22:12
MERGED from [com.facebook.android:facebook-places:4.33.0] AndroidManifest.xml:21:1-31:12
MERGED from [com.facebook.android:facebook-applinks:4.33.0] AndroidManifest.xml:21:1-31:12
MERGED from [com.facebook.android:facebook-messenger:4.33.0] AndroidManifest.xml:21:1-31:12
MERGED from [com.facebook.android:facebook-core:4.33.0] AndroidManifest.xml:21:1-53:12
MERGED from [com.android.support:support-fragment:27.0.2] AndroidManifest.xml:17:1-22:12
MERGED from [com.android.support:support-core-utils:27.0.2] AndroidManifest.xml:17:1-22:12
MERGED from [com.android.support:animated-vector-drawable:27.0.2] AndroidManifest.xml:17:1-22:12
MERGED from [com.android.support:support-vector-drawable:27.0.2] AndroidManifest.xml:17:1-22:12
MERGED from [com.android.support:support-core-ui:27.0.2] AndroidManifest.xml:17:1-22:12
MERGED from [com.android.support:support-media-compat:27.0.2] AndroidManifest.xml:17:1-22:12
MERGED from [com.android.support:support-compat:27.0.2] AndroidManifest.xml:17:1-22:12
MERGED from [com.android.support:cardview-v7:27.0.2] AndroidManifest.xml:17:1-22:12
MERGED from [android.arch.lifecycle:runtime:1.0.3] AndroidManifest.xml:17:1-24:12
INJECTED from src/main/AndroidManifest.xml:2:1-304:12
INJECTED from src/main/AndroidManifest.xml:2:1-304:12
INJECTED from src/main/AndroidManifest.xml:2:1-304:12
	package
		ADDED from src/main/AndroidManifest.xml:3:5-49
		INJECTED from src/main/AndroidManifest.xml
		INJECTED from src/main/AndroidManifest.xml
	android:versionName
		ADDED from src/main/AndroidManifest.xml:5:5-30
		INJECTED from src/main/AndroidManifest.xml
		INJECTED from src/main/AndroidManifest.xml
	xmlns:android
		ADDED from src/main/AndroidManifest.xml:2:11-69
	android:versionCode
		ADDED from src/main/AndroidManifest.xml:4:5-30
		INJECTED from src/main/AndroidManifest.xml
		INJECTED from src/main/AndroidManifest.xml
uses-sdk
ADDED from src/main/AndroidManifest.xml:13:5-15:41
INJECTED from src/main/AndroidManifest.xml:13:5-15:41
INJECTED from src/main/AndroidManifest.xml:13:5-15:41
MERGED from [com.facebook.android:facebook-android-sdk:4.33.0] AndroidManifest.xml:24:5-26:41
MERGED from [com.facebook.android:facebook-android-sdk:4.33.0] AndroidManifest.xml:24:5-26:41
MERGED from [com.facebook.android:facebook-share:4.33.0] AndroidManifest.xml:24:5-26:41
MERGED from [com.facebook.android:facebook-share:4.33.0] AndroidManifest.xml:24:5-26:41
MERGED from [com.facebook.android:facebook-login:4.33.0] AndroidManifest.xml:24:5-26:41
MERGED from [com.facebook.android:facebook-login:4.33.0] AndroidManifest.xml:24:5-26:41
MERGED from [com.facebook.android:facebook-common:4.33.0] AndroidManifest.xml:24:5-26:41
MERGED from [com.facebook.android:facebook-common:4.33.0] AndroidManifest.xml:24:5-26:41
MERGED from [com.android.support:customtabs:27.0.2] AndroidManifest.xml:20:5-44
MERGED from [com.android.support:customtabs:27.0.2] AndroidManifest.xml:20:5-44
MERGED from [:line-sdk-4.0.8:] AndroidManifest.xml:7:5-9:41
MERGED from [:line-sdk-4.0.8:] AndroidManifest.xml:7:5-9:41
MERGED from [com.google.android.gms:play-services-maps:15.0.0] AndroidManifest.xml:20:5-44
MERGED from [com.google.android.gms:play-services-maps:15.0.0] AndroidManifest.xml:20:5-44
MERGED from [com.android.support:appcompat-v7:27.0.2] AndroidManifest.xml:20:5-44
MERGED from [com.android.support:appcompat-v7:27.0.2] AndroidManifest.xml:20:5-44
MERGED from [com.google.android.gms:play-services-base:15.0.1] AndroidManifest.xml:20:5-44
MERGED from [com.google.android.gms:play-services-base:15.0.1] AndroidManifest.xml:20:5-44
MERGED from [com.google.android.gms:play-services-tasks:15.0.1] AndroidManifest.xml:5:5-44
MERGED from [com.google.android.gms:play-services-tasks:15.0.1] AndroidManifest.xml:5:5-44
MERGED from [com.google.android.gms:play-services-basement:15.0.1] AndroidManifest.xml:20:5-44
MERGED from [com.google.android.gms:play-services-basement:15.0.1] AndroidManifest.xml:20:5-44
MERGED from [com.android.support:support-v4:27.0.2] AndroidManifest.xml:20:5-44
MERGED from [com.android.support:support-v4:27.0.2] AndroidManifest.xml:20:5-44
MERGED from [com.android.support:recyclerview-v7:27.0.2] AndroidManifest.xml:20:5-44
MERGED from [com.android.support:recyclerview-v7:27.0.2] AndroidManifest.xml:20:5-44
MERGED from [com.facebook.android:facebook-places:4.33.0] AndroidManifest.xml:24:5-26:41
MERGED from [com.facebook.android:facebook-places:4.33.0] AndroidManifest.xml:24:5-26:41
MERGED from [com.facebook.android:facebook-applinks:4.33.0] AndroidManifest.xml:24:5-26:41
MERGED from [com.facebook.android:facebook-applinks:4.33.0] AndroidManifest.xml:24:5-26:41
MERGED from [com.facebook.android:facebook-messenger:4.33.0] AndroidManifest.xml:24:5-26:41
MERGED from [com.facebook.android:facebook-messenger:4.33.0] AndroidManifest.xml:24:5-26:41
MERGED from [com.facebook.android:facebook-core:4.33.0] AndroidManifest.xml:24:5-26:41
MERGED from [com.facebook.android:facebook-core:4.33.0] AndroidManifest.xml:24:5-26:41
MERGED from [com.android.support:support-fragment:27.0.2] AndroidManifest.xml:20:5-44
MERGED from [com.android.support:support-fragment:27.0.2] AndroidManifest.xml:20:5-44
MERGED from [com.android.support:support-core-utils:27.0.2] AndroidManifest.xml:20:5-44
MERGED from [com.android.support:support-core-utils:27.0.2] AndroidManifest.xml:20:5-44
MERGED from [com.android.support:animated-vector-drawable:27.0.2] AndroidManifest.xml:20:5-44
MERGED from [com.android.support:animated-vector-drawable:27.0.2] AndroidManifest.xml:20:5-44
MERGED from [com.android.support:support-vector-drawable:27.0.2] AndroidManifest.xml:20:5-44
MERGED from [com.android.support:support-vector-drawable:27.0.2] AndroidManifest.xml:20:5-44
MERGED from [com.android.support:support-core-ui:27.0.2] AndroidManifest.xml:20:5-44
MERGED from [com.android.support:support-core-ui:27.0.2] AndroidManifest.xml:20:5-44
MERGED from [com.android.support:support-media-compat:27.0.2] AndroidManifest.xml:20:5-44
MERGED from [com.android.support:support-media-compat:27.0.2] AndroidManifest.xml:20:5-44
MERGED from [com.android.support:support-compat:27.0.2] AndroidManifest.xml:20:5-44
MERGED from [com.android.support:support-compat:27.0.2] AndroidManifest.xml:20:5-44
MERGED from [com.android.support:cardview-v7:27.0.2] AndroidManifest.xml:20:5-44
MERGED from [com.android.support:cardview-v7:27.0.2] AndroidManifest.xml:20:5-44
MERGED from [android.arch.lifecycle:runtime:1.0.3] AndroidManifest.xml:20:5-22:41
MERGED from [android.arch.lifecycle:runtime:1.0.3] AndroidManifest.xml:20:5-22:41
INJECTED from src/main/AndroidManifest.xml:13:5-15:41
INJECTED from src/main/AndroidManifest.xml:13:5-15:41
	android:targetSdkVersion
		ADDED from src/main/AndroidManifest.xml:15:9-38
		INJECTED from src/main/AndroidManifest.xml
		INJECTED from src/main/AndroidManifest.xml
	android:minSdkVersion
		ADDED from src/main/AndroidManifest.xml:14:9-35
		INJECTED from src/main/AndroidManifest.xml
		INJECTED from src/main/AndroidManifest.xml
uses-feature#0x00020000
ADDED from src/main/AndroidManifest.xml:17:5-54
MERGED from [com.google.android.gms:play-services-maps:15.0.0] AndroidManifest.xml:26:5-28:35
MERGED from [com.google.android.gms:play-services-maps:15.0.0] AndroidManifest.xml:26:5-28:35
	android:glEsVersion
		ADDED from src/main/AndroidManifest.xml:17:19-51
	android:required
		ADDED from [com.google.android.gms:play-services-maps:15.0.0] AndroidManifest.xml:28:9-32
uses-feature#android.hardware.camera
ADDED from src/main/AndroidManifest.xml:33:5-60
	android:name
		ADDED from src/main/AndroidManifest.xml:33:19-57
uses-permission#android.permission.CAMERA
ADDED from src/main/AndroidManifest.xml:36:5-65
	android:name
		ADDED from src/main/AndroidManifest.xml:36:22-62
uses-permission#android.permission.INTERNET
ADDED from src/main/AndroidManifest.xml:39:5-67
MERGED from [com.google.android.gms:play-services-maps:15.0.0] AndroidManifest.xml:24:5-67
MERGED from [com.google.android.gms:play-services-maps:15.0.0] AndroidManifest.xml:24:5-67
	android:name
		ADDED from src/main/AndroidManifest.xml:39:22-64
uses-permission#android.permission.WAKE_LOCK
ADDED from src/main/AndroidManifest.xml:41:5-68
	android:name
		ADDED from src/main/AndroidManifest.xml:41:22-65
uses-permission#android.permission.ACCESS_NETWORK_STATE
ADDED from src/main/AndroidManifest.xml:47:5-79
MERGED from [com.google.android.gms:play-services-maps:15.0.0] AndroidManifest.xml:23:5-79
MERGED from [com.google.android.gms:play-services-maps:15.0.0] AndroidManifest.xml:23:5-79
	android:name
		ADDED from src/main/AndroidManifest.xml:47:22-76
uses-permission#android.permission.READ_EXTERNAL_STORAGE
ADDED from src/main/AndroidManifest.xml:48:5-80
	android:name
		ADDED from src/main/AndroidManifest.xml:48:22-77
uses-permission#android.permission.RECORD_AUDIO
ADDED from src/main/AndroidManifest.xml:50:5-52:23
	android:name
		ADDED from src/main/AndroidManifest.xml:51:9-55
uses-permission#android.permission.WRITE_EXTERNAL_STORAGE
ADDED from src/main/AndroidManifest.xml:53:5-55:23
	android:name
		ADDED from src/main/AndroidManifest.xml:54:9-65
uses-permission#android.permission.ACCESS_FINE_LOCATION
ADDED from src/main/AndroidManifest.xml:62:5-79
	android:name
		ADDED from src/main/AndroidManifest.xml:62:22-76
uses-permission#android.permission.READ_PHONE_STATE
ADDED from src/main/AndroidManifest.xml:63:5-75
	android:name
		ADDED from src/main/AndroidManifest.xml:63:22-72
application
ADDED from src/main/AndroidManifest.xml:74:5-302:19
MERGED from [com.facebook.android:facebook-android-sdk:4.33.0] AndroidManifest.xml:28:5-29:19
MERGED from [com.facebook.android:facebook-android-sdk:4.33.0] AndroidManifest.xml:28:5-29:19
MERGED from [com.facebook.android:facebook-share:4.33.0] AndroidManifest.xml:28:5-29:19
MERGED from [com.facebook.android:facebook-share:4.33.0] AndroidManifest.xml:28:5-29:19
MERGED from [com.facebook.android:facebook-login:4.33.0] AndroidManifest.xml:28:5-29:19
MERGED from [com.facebook.android:facebook-login:4.33.0] AndroidManifest.xml:28:5-29:19
MERGED from [com.facebook.android:facebook-common:4.33.0] AndroidManifest.xml:28:5-34:19
MERGED from [com.facebook.android:facebook-common:4.33.0] AndroidManifest.xml:28:5-34:19
MERGED from [:line-sdk-4.0.8:] AndroidManifest.xml:11:5-39:19
MERGED from [:line-sdk-4.0.8:] AndroidManifest.xml:11:5-39:19
MERGED from [com.google.android.gms:play-services-maps:15.0.0] AndroidManifest.xml:30:5-20
MERGED from [com.google.android.gms:play-services-maps:15.0.0] AndroidManifest.xml:30:5-20
MERGED from [com.google.android.gms:play-services-base:15.0.1] AndroidManifest.xml:22:5-27:19
MERGED from [com.google.android.gms:play-services-base:15.0.1] AndroidManifest.xml:22:5-27:19
MERGED from [com.google.android.gms:play-services-tasks:15.0.1] AndroidManifest.xml:7:5-20
MERGED from [com.google.android.gms:play-services-tasks:15.0.1] AndroidManifest.xml:7:5-20
MERGED from [com.google.android.gms:play-services-basement:15.0.1] AndroidManifest.xml:22:5-26:19
MERGED from [com.google.android.gms:play-services-basement:15.0.1] AndroidManifest.xml:22:5-26:19
MERGED from [com.facebook.android:facebook-places:4.33.0] AndroidManifest.xml:28:5-29:19
MERGED from [com.facebook.android:facebook-places:4.33.0] AndroidManifest.xml:28:5-29:19
MERGED from [com.facebook.android:facebook-applinks:4.33.0] AndroidManifest.xml:28:5-29:19
MERGED from [com.facebook.android:facebook-applinks:4.33.0] AndroidManifest.xml:28:5-29:19
MERGED from [com.facebook.android:facebook-messenger:4.33.0] AndroidManifest.xml:28:5-29:19
MERGED from [com.facebook.android:facebook-messenger:4.33.0] AndroidManifest.xml:28:5-29:19
MERGED from [com.facebook.android:facebook-core:4.33.0] AndroidManifest.xml:28:5-51:19
MERGED from [com.facebook.android:facebook-core:4.33.0] AndroidManifest.xml:28:5-51:19
	android:supportsRtl
		ADDED from [com.facebook.android:facebook-android-sdk:4.33.0] AndroidManifest.xml:28:18-44
	android:label
		ADDED from src/main/AndroidManifest.xml:78:9-41
	android:launchMode
		ADDED from src/main/AndroidManifest.xml:79:9-40
	android:icon
		ADDED from src/main/AndroidManifest.xml:77:9-36
	android:allowBackup
		ADDED from src/main/AndroidManifest.xml:75:9-35
	android:description
		ADDED from src/main/AndroidManifest.xml:76:9-54
	android:theme
		ADDED from src/main/AndroidManifest.xml:80:9-47
activity#com.vuforia.samples.VuforiaSamples.ui.ActivityList.ActivitySplashScreen
ADDED from src/main/AndroidManifest.xml:97:9-107:20
	android:screenOrientation
		ADDED from src/main/AndroidManifest.xml:101:13-49
	android:noHistory
		ADDED from src/main/AndroidManifest.xml:100:13-37
	android:configChanges
		ADDED from src/main/AndroidManifest.xml:99:13-93
	android:name
		ADDED from src/main/AndroidManifest.xml:98:13-65
intent-filter#action:name:android.intent.action.MAIN+category:name:android.intent.category.LAUNCHER
ADDED from src/main/AndroidManifest.xml:102:13-106:29
action#android.intent.action.MAIN
ADDED from src/main/AndroidManifest.xml:103:17-69
	android:name
		ADDED from src/main/AndroidManifest.xml:103:25-66
category#android.intent.category.LAUNCHER
ADDED from src/main/AndroidManifest.xml:105:17-77
	android:name
		ADDED from src/main/AndroidManifest.xml:105:27-74
activity#com.vuforia.samples.VuforiaSamples.ui.ActivityList.MainLauncher
ADDED from src/main/AndroidManifest.xml:108:9-111:61
	android:screenOrientation
		ADDED from src/main/AndroidManifest.xml:111:13-49
	android:configChanges
		ADDED from src/main/AndroidManifest.xml:110:13-93
	android:name
		ADDED from src/main/AndroidManifest.xml:109:13-57
activity#com.vuforia.samples.VuforiaSamples.ui.ActivityList.ActivityLauncher
ADDED from src/main/AndroidManifest.xml:112:9-115:61
	android:screenOrientation
		ADDED from src/main/AndroidManifest.xml:115:13-49
	android:configChanges
		ADDED from src/main/AndroidManifest.xml:114:13-93
	android:name
		ADDED from src/main/AndroidManifest.xml:113:13-61
activity#com.vuforia.samples.VuforiaSamples.ui.ActivityList.AboutScreen
ADDED from src/main/AndroidManifest.xml:117:9-121:61
	android:screenOrientation
		ADDED from src/main/AndroidManifest.xml:121:13-49
	android:noHistory
		ADDED from src/main/AndroidManifest.xml:120:13-37
	android:configChanges
		ADDED from src/main/AndroidManifest.xml:119:13-93
	android:name
		ADDED from src/main/AndroidManifest.xml:118:13-56
activity#com.vuforia.samples.VuforiaSamples.app.ImageTargets.ImageTargets
ADDED from src/main/AndroidManifest.xml:122:9-126:63
	android:launchMode
		ADDED from src/main/AndroidManifest.xml:125:13-44
	android:configChanges
		ADDED from src/main/AndroidManifest.xml:124:13-93
	android:theme
		ADDED from src/main/AndroidManifest.xml:126:13-51
	android:name
		ADDED from src/main/AndroidManifest.xml:123:13-58
activity#com.vuforia.samples.VuforiaSamples.app.ImageTargets.ImageTargets2
ADDED from src/main/AndroidManifest.xml:127:9-131:63
	android:launchMode
		ADDED from src/main/AndroidManifest.xml:130:13-44
	android:configChanges
		ADDED from src/main/AndroidManifest.xml:129:13-93
	android:theme
		ADDED from src/main/AndroidManifest.xml:131:13-51
	android:name
		ADDED from src/main/AndroidManifest.xml:128:13-59
activity#com.vuforia.samples.VuforiaSamples.app.ImageTargets.ImageTargets3
ADDED from src/main/AndroidManifest.xml:132:9-136:63
	android:launchMode
		ADDED from src/main/AndroidManifest.xml:135:13-44
	android:configChanges
		ADDED from src/main/AndroidManifest.xml:134:13-93
	android:theme
		ADDED from src/main/AndroidManifest.xml:136:13-51
	android:name
		ADDED from src/main/AndroidManifest.xml:133:13-59
activity#com.vuforia.samples.VuforiaSamples.app.VuMark.VuMark
ADDED from src/main/AndroidManifest.xml:137:9-141:63
	android:launchMode
		ADDED from src/main/AndroidManifest.xml:140:13-44
	android:configChanges
		ADDED from src/main/AndroidManifest.xml:139:13-93
	android:theme
		ADDED from src/main/AndroidManifest.xml:141:13-51
	android:name
		ADDED from src/main/AndroidManifest.xml:138:13-46
activity#com.vuforia.samples.VuforiaSamples.app.CylinderTargets.CylinderTargets
ADDED from src/main/AndroidManifest.xml:142:9-146:63
	android:launchMode
		ADDED from src/main/AndroidManifest.xml:145:13-44
	android:configChanges
		ADDED from src/main/AndroidManifest.xml:144:13-93
	android:theme
		ADDED from src/main/AndroidManifest.xml:146:13-51
	android:name
		ADDED from src/main/AndroidManifest.xml:143:13-64
activity#com.vuforia.samples.VuforiaSamples.app.VirtualButtons.VirtualButtons
ADDED from src/main/AndroidManifest.xml:147:9-151:63
	android:launchMode
		ADDED from src/main/AndroidManifest.xml:150:13-44
	android:configChanges
		ADDED from src/main/AndroidManifest.xml:149:13-93
	android:theme
		ADDED from src/main/AndroidManifest.xml:151:13-51
	android:name
		ADDED from src/main/AndroidManifest.xml:148:13-62
activity#com.vuforia.samples.VuforiaSamples.app.UserDefinedTargets.UserDefinedTargets
ADDED from src/main/AndroidManifest.xml:152:9-156:63
	android:launchMode
		ADDED from src/main/AndroidManifest.xml:155:13-44
	android:configChanges
		ADDED from src/main/AndroidManifest.xml:154:13-93
	android:theme
		ADDED from src/main/AndroidManifest.xml:156:13-51
	android:name
		ADDED from src/main/AndroidManifest.xml:153:13-70
activity#com.vuforia.samples.VuforiaSamples.app.MultiTargets.MultiTargets
ADDED from src/main/AndroidManifest.xml:157:9-161:63
	android:launchMode
		ADDED from src/main/AndroidManifest.xml:160:13-44
	android:configChanges
		ADDED from src/main/AndroidManifest.xml:159:13-93
	android:theme
		ADDED from src/main/AndroidManifest.xml:161:13-51
	android:name
		ADDED from src/main/AndroidManifest.xml:158:13-58
activity#com.vuforia.samples.VuforiaSamples.app.CloudRecognition.CloudReco
ADDED from src/main/AndroidManifest.xml:162:9-166:63
	android:launchMode
		ADDED from src/main/AndroidManifest.xml:165:13-44
	android:configChanges
		ADDED from src/main/AndroidManifest.xml:164:13-93
	android:theme
		ADDED from src/main/AndroidManifest.xml:166:13-51
	android:name
		ADDED from src/main/AndroidManifest.xml:163:13-59
activity#com.vuforia.samples.VuforiaSamples.app.ObjectRecognition.ObjectTargets
ADDED from src/main/AndroidManifest.xml:167:9-171:63
	android:launchMode
		ADDED from src/main/AndroidManifest.xml:170:13-44
	android:configChanges
		ADDED from src/main/AndroidManifest.xml:169:13-93
	android:theme
		ADDED from src/main/AndroidManifest.xml:171:13-51
	android:name
		ADDED from src/main/AndroidManifest.xml:168:13-64
activity#com.vuforia.samples.VuforiaSamples.app.ImageTargets.Shine
ADDED from src/main/AndroidManifest.xml:172:9-175:61
	android:screenOrientation
		ADDED from src/main/AndroidManifest.xml:175:13-49
	android:configChanges
		ADDED from src/main/AndroidManifest.xml:174:13-93
	android:name
		ADDED from src/main/AndroidManifest.xml:173:13-51
activity#com.vuforia.samples.VuforiaSamples.app.ImageTargets.Shine2
ADDED from src/main/AndroidManifest.xml:176:9-179:61
	android:screenOrientation
		ADDED from src/main/AndroidManifest.xml:179:13-49
	android:configChanges
		ADDED from src/main/AndroidManifest.xml:178:13-93
	android:name
		ADDED from src/main/AndroidManifest.xml:177:13-52
activity#com.vuforia.samples.VuforiaSamples.app.ImageTargets.God1
ADDED from src/main/AndroidManifest.xml:180:9-183:61
	android:screenOrientation
		ADDED from src/main/AndroidManifest.xml:183:13-49
	android:configChanges
		ADDED from src/main/AndroidManifest.xml:182:13-93
	android:name
		ADDED from src/main/AndroidManifest.xml:181:13-50
activity#com.vuforia.samples.VuforiaSamples.app.ImageTargets.ImagePlay
ADDED from src/main/AndroidManifest.xml:184:9-187:61
	android:screenOrientation
		ADDED from src/main/AndroidManifest.xml:187:13-49
	android:configChanges
		ADDED from src/main/AndroidManifest.xml:186:13-93
	android:name
		ADDED from src/main/AndroidManifest.xml:185:13-55
activity#com.vuforia.samples.VuforiaSamples.app.ImageTargets.ImagePlay2
ADDED from src/main/AndroidManifest.xml:188:9-191:61
	android:screenOrientation
		ADDED from src/main/AndroidManifest.xml:191:13-49
	android:configChanges
		ADDED from src/main/AndroidManifest.xml:190:13-93
	android:name
		ADDED from src/main/AndroidManifest.xml:189:13-56
activity#com.vuforia.samples.VuforiaSamples.app.ImageTargets.MapsActivity
ADDED from src/main/AndroidManifest.xml:192:9-194:68
	android:label
		ADDED from src/main/AndroidManifest.xml:194:13-56
	android:name
		ADDED from src/main/AndroidManifest.xml:193:13-58
activity#com.vuforia.samples.VuforiaSamples.app.ImageTargets.Bless
ADDED from src/main/AndroidManifest.xml:195:9-198:61
	android:screenOrientation
		ADDED from src/main/AndroidManifest.xml:198:13-49
	android:configChanges
		ADDED from src/main/AndroidManifest.xml:197:13-93
	android:name
		ADDED from src/main/AndroidManifest.xml:196:13-51
activity#com.vuforia.samples.VuforiaSamples.app.ImageTargets.BlessType
ADDED from src/main/AndroidManifest.xml:199:9-202:61
	android:screenOrientation
		ADDED from src/main/AndroidManifest.xml:202:13-49
	android:configChanges
		ADDED from src/main/AndroidManifest.xml:201:13-93
	android:name
		ADDED from src/main/AndroidManifest.xml:200:13-55
activity#com.vuforia.samples.VuforiaSamples.app.ImageTargets.Record
ADDED from src/main/AndroidManifest.xml:203:9-206:61
	android:screenOrientation
		ADDED from src/main/AndroidManifest.xml:206:13-49
	android:configChanges
		ADDED from src/main/AndroidManifest.xml:205:13-93
	android:name
		ADDED from src/main/AndroidManifest.xml:204:13-52
activity#com.vuforia.samples.VuforiaSamples.app.ImageTargets.OfflineMap
ADDED from src/main/AndroidManifest.xml:208:9-211:61
	android:screenOrientation
		ADDED from src/main/AndroidManifest.xml:211:13-49
	android:configChanges
		ADDED from src/main/AndroidManifest.xml:210:13-93
	android:name
		ADDED from src/main/AndroidManifest.xml:209:13-56
activity#com.vuforia.samples.VuforiaSamples.app.ImageTargets.RecordNext
ADDED from src/main/AndroidManifest.xml:213:9-216:61
	android:screenOrientation
		ADDED from src/main/AndroidManifest.xml:216:13-49
	android:configChanges
		ADDED from src/main/AndroidManifest.xml:215:13-93
	android:name
		ADDED from src/main/AndroidManifest.xml:214:13-56
activity#com.vuforia.samples.VuforiaSamples.app.ImageTargets.CompleteUpload
ADDED from src/main/AndroidManifest.xml:218:9-221:61
	android:screenOrientation
		ADDED from src/main/AndroidManifest.xml:221:13-49
	android:configChanges
		ADDED from src/main/AndroidManifest.xml:220:13-93
	android:name
		ADDED from src/main/AndroidManifest.xml:219:13-60
activity#com.vuforia.samples.VuforiaSamples.app.ImageTargets.ScreenPrint
ADDED from src/main/AndroidManifest.xml:223:9-226:61
	android:screenOrientation
		ADDED from src/main/AndroidManifest.xml:226:13-49
	android:configChanges
		ADDED from src/main/AndroidManifest.xml:225:13-93
	android:name
		ADDED from src/main/AndroidManifest.xml:224:13-57
activity#com.vuforia.samples.VuforiaSamples.app.ImageTargets.MainActivity
ADDED from src/main/AndroidManifest.xml:228:9-231:61
	android:screenOrientation
		ADDED from src/main/AndroidManifest.xml:231:13-49
	android:configChanges
		ADDED from src/main/AndroidManifest.xml:230:13-93
	android:name
		ADDED from src/main/AndroidManifest.xml:229:13-58
activity#com.vuforia.samples.VuforiaSamples.app.ImageTargets.PhoneAndPassword
ADDED from src/main/AndroidManifest.xml:233:9-236:61
	android:screenOrientation
		ADDED from src/main/AndroidManifest.xml:236:13-49
	android:configChanges
		ADDED from src/main/AndroidManifest.xml:235:13-93
	android:name
		ADDED from src/main/AndroidManifest.xml:234:13-62
activity#com.vuforia.samples.VuforiaSamples.app.ImageTargets.Traffic
ADDED from src/main/AndroidManifest.xml:238:9-241:61
	android:screenOrientation
		ADDED from src/main/AndroidManifest.xml:241:13-49
	android:configChanges
		ADDED from src/main/AndroidManifest.xml:240:13-93
	android:name
		ADDED from src/main/AndroidManifest.xml:239:13-53
activity#com.vuforia.samples.VuforiaSamples.app.ImageTargets.VideoPlay
ADDED from src/main/AndroidManifest.xml:243:9-246:61
	android:screenOrientation
		ADDED from src/main/AndroidManifest.xml:246:13-49
	android:configChanges
		ADDED from src/main/AndroidManifest.xml:245:13-93
	android:name
		ADDED from src/main/AndroidManifest.xml:244:13-55
activity#com.vuforia.samples.VuforiaSamples.app.ImageTargets.FacebookActivity
ADDED from src/main/AndroidManifest.xml:248:9-252:61
	android:screenOrientation
		ADDED from src/main/AndroidManifest.xml:252:13-49
	android:configChanges
		ADDED from src/main/AndroidManifest.xml:251:13-93
	android:theme
		ADDED from src/main/AndroidManifest.xml:249:13-51
	android:name
		ADDED from src/main/AndroidManifest.xml:250:13-62
activity#com.vuforia.samples.VuforiaSamples.app.ImageTargets.LineActivity
ADDED from src/main/AndroidManifest.xml:254:9-258:61
	android:screenOrientation
		ADDED from src/main/AndroidManifest.xml:258:13-49
	android:configChanges
		ADDED from src/main/AndroidManifest.xml:257:13-93
	android:theme
		ADDED from src/main/AndroidManifest.xml:255:13-51
	android:name
		ADDED from src/main/AndroidManifest.xml:256:13-58
meta-data#jp.line.sdk.ChannelId
ADDED from src/main/AndroidManifest.xml:269:9-271:42
	android:value
		ADDED from src/main/AndroidManifest.xml:271:13-39
	android:name
		ADDED from src/main/AndroidManifest.xml:270:13-49
meta-data#jp.line.sdk.AuthScheme
ADDED from src/main/AndroidManifest.xml:272:9-274:47
	android:value
		ADDED from src/main/AndroidManifest.xml:274:13-44
	android:name
		ADDED from src/main/AndroidManifest.xml:273:13-50
meta-data#com.google.android.geo.API_KEY
ADDED from src/main/AndroidManifest.xml:276:9-278:55
	android:value
		ADDED from src/main/AndroidManifest.xml:278:13-52
	android:name
		ADDED from src/main/AndroidManifest.xml:277:13-58
meta-data#com.facebook.sdk.ApplicationId
ADDED from src/main/AndroidManifest.xml:280:9-281:54
	android:value
		ADDED from src/main/AndroidManifest.xml:281:13-52
	android:name
		ADDED from src/main/AndroidManifest.xml:280:20-65
activity#com.facebook.FacebookActivity
ADDED from src/main/AndroidManifest.xml:283:9-286:48
MERGED from [com.facebook.android:facebook-common:4.33.0] AndroidManifest.xml:29:9-32:66
MERGED from [com.facebook.android:facebook-common:4.33.0] AndroidManifest.xml:29:9-32:66
	android:label
		ADDED from src/main/AndroidManifest.xml:286:13-45
	android:configChanges
		ADDED from src/main/AndroidManifest.xml:284:13-113
	android:theme
		ADDED from [com.facebook.android:facebook-common:4.33.0] AndroidManifest.xml:32:13-63
	android:name
		ADDED from src/main/AndroidManifest.xml:283:19-63
activity#com.facebook.CustomTabActivity
ADDED from src/main/AndroidManifest.xml:287:9-296:20
	android:exported
		ADDED from src/main/AndroidManifest.xml:289:13-36
	android:name
		ADDED from src/main/AndroidManifest.xml:288:13-58
intent-filter#action:name:android.intent.action.VIEW+category:name:android.intent.category.BROWSABLE+category:name:android.intent.category.DEFAULT+data:scheme:@string/fb_login_protocol_scheme
ADDED from src/main/AndroidManifest.xml:290:13-295:29
action#android.intent.action.VIEW
ADDED from src/main/AndroidManifest.xml:291:17-69
	android:name
		ADDED from src/main/AndroidManifest.xml:291:25-66
category#android.intent.category.DEFAULT
ADDED from src/main/AndroidManifest.xml:292:17-76
	android:name
		ADDED from src/main/AndroidManifest.xml:292:27-73
category#android.intent.category.BROWSABLE
ADDED from src/main/AndroidManifest.xml:293:17-78
	android:name
		ADDED from src/main/AndroidManifest.xml:293:27-75
data
ADDED from src/main/AndroidManifest.xml:294:17-75
	android:scheme
		ADDED from src/main/AndroidManifest.xml:294:23-72
provider#com.facebook.FacebookContentProvider
ADDED from src/main/AndroidManifest.xml:298:9-300:38
	android:authorities
		ADDED from src/main/AndroidManifest.xml:298:19-97
	android:exported
		ADDED from src/main/AndroidManifest.xml:300:13-36
	android:name
		ADDED from src/main/AndroidManifest.xml:299:13-64
activity#com.facebook.CustomTabMainActivity
ADDED from [com.facebook.android:facebook-common:4.33.0] AndroidManifest.xml:33:9-71
	android:name
		ADDED from [com.facebook.android:facebook-common:4.33.0] AndroidManifest.xml:33:19-68
activity#com.linecorp.linesdk.auth.internal.LineAuthenticationActivity
ADDED from [:line-sdk-4.0.8:] AndroidManifest.xml:20:9-25:69
	android:launchMode
		ADDED from [:line-sdk-4.0.8:] AndroidManifest.xml:24:13-43
	android:exported
		ADDED from [:line-sdk-4.0.8:] AndroidManifest.xml:23:13-37
	android:configChanges
		ADDED from [:line-sdk-4.0.8:] AndroidManifest.xml:22:13-74
	android:theme
		ADDED from [:line-sdk-4.0.8:] AndroidManifest.xml:25:13-66
	android:name
		ADDED from [:line-sdk-4.0.8:] AndroidManifest.xml:21:13-89